15:08:03 **** Incremental Build of configuration Debug for project Mini_Project3 ****
make all 
Building file: ../src/APP/Mini_Project3.c
Invoking: AVR Compiler
avr-gcc -Wall -g2 -gstabs -O0 -fpack-struct -fshort-enums -ffunction-sections -fdata-sections -std=gnu99 -funsigned-char -funsigned-bitfields -mmcu=atmega32 -DF_CPU=1000000UL -MMD -MP -MF"src/APP/Mini_Project3.d" -MT"src/APP/Mini_Project3.o" -c -o "src/APP/Mini_Project3.o" "../src/APP/Mini_Project3.c"
Finished building: ../src/APP/Mini_Project3.c
 
Building target: Mini_Project3.elf
Invoking: AVR C Linker
avr-gcc -Wl,-Map,Mini_Project3.map -mmcu=atmega32 -o "Mini_Project3.elf"  ./src/MCAL/TIMER/timer.o  ./src/MCAL/GPIO/gpio.o  ./src/MCAL/ADC/adc.o  ./src/EHAL/TEMPERATURE_SENSOR/temperature_sensor.o  ./src/EHAL/LCD/lcd.o  ./src/EHAL/DC_MOTOR/dc_motor.o  ./src/APP/Mini_Project3.o  ./main.o   
Finished building target: Mini_Project3.elf
 
Invoking: AVR Create Extended Listing
avr-objdump -h -S Mini_Project3.elf  >"Mini_Project3.lss"
Finished building: Mini_Project3.lss
 
Invoking: Print Size
avr-size --format=avr --mcu=atmega32 Mini_Project3.elf
AVR Memory Usage
----------------
Device: atmega32

Program:   11930 bytes (36.4% Full)
(.text + .data + .bootloader)

Data:        308 bytes (15.0% Full)
(.data + .bss + .noinit)


Finished building: sizedummy
 

15:08:03 Build Finished. 0 errors, 0 warnings. (took 621ms)

